<?xml version="1.0" encoding="UTF-8"?>
<!-- Generated by org.testng.reporters.JUnitReportReporter -->
<testsuite hostname="DESKTOP-9GI0D3G" failures="0" tests="3" name="vt.practice.DataProviderPractice" time="0.018" errors="0" timestamp="2023-11-27T18:21:53 IST" skipped="0">
  <testcase classname="vt.practice.DataProviderPractice" name="readData" time="0.004"/>
  <testcase classname="vt.practice.DataProviderPractice" name="readData" time="0.011"/>
  <testcase classname="vt.practice.DataProviderPractice" name="readData" time="0.003"/>
</testsuite> <!-- vt.practice.DataProviderPractice -->
