<?xml version="1.0" encoding="UTF-8"?>
<!-- Generated by org.testng.reporters.JUnitReportReporter -->
<testsuite hostname="DESKTOP-9GI0D3G" failures="0" tests="1" name="vt.OrganisationTests.CreateOrganizationWithIndusrtyAndTypeTest" time="20.263" errors="0" timestamp="2023-11-27T12:24:09 IST" skipped="0">
  <testcase classname="vt.OrganisationTests.CreateOrganizationWithIndusrtyAndTypeTest" name="craeteOrganizationWithIndustryAndType" time="20.263"/>
</testsuite> <!-- vt.OrganisationTests.CreateOrganizationWithIndusrtyAndTypeTest -->
